Using pre-set license
Built from '2022.2/staging' branch; Version is '2022.2.0b8 (9eb452e2ea43) revision 10400850'; Using compiler version '192829333'; Build Type 'Release'
OS: 'Windows 10  (10.0.19044) 64bit Core' Language: 'en' Physical Memory: 8075 MB
BatchMode: 1, IsHumanControllingUs: 0, StartBugReporterOnCrash: 0, Is64bit: 1, IsPro: 1

COMMAND LINE ARGUMENTS:
C:\Program Files\Unity\Hub\Editor\2022.2.0b8\Editor\Unity.exe
-adb2
-batchMode
-noUpm
-name
AssetImportWorker0
-projectPath
C:/Users/PC/Desktop/COMPUTER_SCIENCE/projects_general/Unity_Projects/My project (1)
-logFile
Logs/AssetImportWorker0.log
-srvPort
58758
Successfully changed project path to: C:/Users/PC/Desktop/COMPUTER_SCIENCE/projects_general/Unity_Projects/My project (1)
C:/Users/PC/Desktop/COMPUTER_SCIENCE/projects_general/Unity_Projects/My project (1)
[UnityMemory] Configuration Parameters - Can be set up in boot.config
    "memorysetup-bucket-allocator-granularity=16"
    "memorysetup-bucket-allocator-bucket-count=8"
    "memorysetup-bucket-allocator-block-size=33554432"
    "memorysetup-bucket-allocator-block-count=8"
    "memorysetup-main-allocator-block-size=16777216"
    "memorysetup-thread-allocator-block-size=16777216"
    "memorysetup-gfx-main-allocator-block-size=16777216"
    "memorysetup-gfx-thread-allocator-block-size=16777216"
    "memorysetup-cache-allocator-block-size=4194304"
    "memorysetup-typetree-allocator-block-size=2097152"
    "memorysetup-profiler-bucket-allocator-granularity=16"
    "memorysetup-profiler-bucket-allocator-bucket-count=8"
    "memorysetup-profiler-bucket-allocator-block-size=33554432"
    "memorysetup-profiler-bucket-allocator-block-count=8"
    "memorysetup-profiler-allocator-block-size=16777216"
    "memorysetup-profiler-editor-allocator-block-size=1048576"
    "memorysetup-temp-allocator-size-main=16777216"
    "memorysetup-job-temp-allocator-block-size=2097152"
    "memorysetup-job-temp-allocator-block-size-background=1048576"
    "memorysetup-job-temp-allocator-reduction-small-platforms=262144"
    "memorysetup-temp-allocator-size-background-worker=32768"
    "memorysetup-temp-allocator-size-job-worker=262144"
    "memorysetup-temp-allocator-size-preload-manager=33554432"
    "memorysetup-temp-allocator-size-nav-mesh-worker=65536"
    "memorysetup-temp-allocator-size-audio-worker=65536"
    "memorysetup-temp-allocator-size-cloud-worker=32768"
    "memorysetup-temp-allocator-size-gi-baking-worker=262144"
    "memorysetup-temp-allocator-size-gfx=262144"
Initialize engine version: 2022.2.0b8 (9eb452e2ea43)
[Subsystems] Discovering subsystems at path C:/Program Files/Unity/Hub/Editor/2022.2.0b8/Editor/Data/Resources/UnitySubsystems
[Subsystems] Discovering subsystems at path C:/Users/PC/Desktop/COMPUTER_SCIENCE/projects_general/Unity_Projects/My project (1)/Assets
GfxDevice: creating device client; threaded=0; jobified=0
Direct3D:
    Version:  Direct3D 11.0 [level 11.1]
    Renderer: Intel(R) UHD Graphics 620 (ID=0x5917)
    Vendor:   Intel
    VRAM:     4037 MB
    Driver:   27.20.100.8682
Initialize mono
Mono path[0] = 'C:/Program Files/Unity/Hub/Editor/2022.2.0b8/Editor/Data/Managed'
Mono path[1] = 'C:/Program Files/Unity/Hub/Editor/2022.2.0b8/Editor/Data/MonoBleedingEdge/lib/mono/unityjit-win32'
Mono config path = 'C:/Program Files/Unity/Hub/Editor/2022.2.0b8/Editor/Data/MonoBleedingEdge/etc'
Using monoOptions --debugger-agent=transport=dt_socket,embedding=1,server=y,suspend=n,address=127.0.0.1:56048
Begin MonoManager ReloadAssembly
Registering precompiled unity dll's ...
Register platform support module: C:/Program Files/Unity/Hub/Editor/2022.2.0b8/Editor/Data/PlaybackEngines/WebGLSupport/UnityEditor.WebGL.Extensions.dll
Register platform support module: C:/Program Files/Unity/Hub/Editor/2022.2.0b8/Editor/Data/PlaybackEngines/WindowsStandaloneSupport/UnityEditor.WindowsStandalone.Extensions.dll
Registered in 0.048800 seconds.
Refreshing native plugins compatible for Editor in 988.34 ms, found 4 plugins.
- Loaded All Assemblies, in  3.091 seconds
Native extension for WebGL target not found
Native extension for WindowsStandalone target not found
Mono: successfully reloaded assembly
- Finished resetting the current domain, in  0.995 seconds
Domain Reload Profiling:
	ReloadAssembly (2191ms)
		BeginReloadAssembly (496ms)
			ExecutionOrderSort (0ms)
			DisableScriptedObjects (0ms)
			BackupInstance (0ms)
			ReleaseScriptingObjects (0ms)
			CreateAndSetChildDomain (5ms)
		LoadAllAssembliesAndSetupDomain (0ms)
			LoadAssemblies (481ms)
			RebuildTransferFunctionScriptingTraits (0ms)
			SetupTypeCache (844ms)
				TypeCache.Initialize (842ms)
					TypeCache.ScanAssembly (833ms)
				ResolveRequiredComponents (2ms)
		FinalizeReload (0ms)
			ReleaseScriptCaches (0ms)
			RebuildScriptCaches (0ms)
			SetupLoadedEditorAssemblies (727ms)
				LogAssemblyErrors (0ms)
				InitializePlatformSupportModulesInManaged (40ms)
				SetLoadedEditorAssemblies (19ms)
				RefreshPlugins (0ms)
				BeforeProcessingInitializeOnLoad (3ms)
				ProcessInitializeOnLoadAttributes (505ms)
				ProcessInitializeOnLoadMethodAttributes (159ms)
				AfterProcessingInitializeOnLoad (0ms)
				EditorAssembliesLoaded (0ms)
			ExecutionOrderSort2 (0ms)
			AwakeInstancesAfterBackupRestoration (0ms)
========================================================================
Worker process is ready to serve import requests
Registering precompiled user dll's ...
Registered in 0.023358 seconds.
Begin MonoManager ReloadAssembly
Symbol file LoadedFromMemory doesn't match image C:\Users\PC\Desktop\COMPUTER_SCIENCE\projects_general\Unity_Projects\My project (1)\Library\PackageCache\com.unity.visualscripting@1.7.8\Editor\VisualScripting.Core\Dependencies\DotNetZip\Unity.VisualScripting.IonicZip.dll
Symbol file LoadedFromMemory doesn't match image C:\Users\PC\Desktop\COMPUTER_SCIENCE\projects_general\Unity_Projects\My project (1)\Library\PackageCache\com.unity.visualscripting@1.7.8\Editor\VisualScripting.Core\Dependencies\YamlDotNet\Unity.VisualScripting.YamlDotNet.dll
- Loaded All Assemblies, in  3.759 seconds
Refreshing native plugins compatible for Editor in 121.19 ms, found 4 plugins.
Native extension for WebGL target not found
Native extension for WindowsStandalone target not found
Mono: successfully reloaded assembly
- Finished resetting the current domain, in  2.587 seconds
Domain Reload Profiling:
	ReloadAssembly (1055ms)
		BeginReloadAssembly (623ms)
			ExecutionOrderSort (0ms)
			DisableScriptedObjects (30ms)
			BackupInstance (0ms)
			ReleaseScriptingObjects (0ms)
			CreateAndSetChildDomain (72ms)
		LoadAllAssembliesAndSetupDomain (2691ms)
			LoadAssemblies (575ms)
			RebuildTransferFunctionScriptingTraits (0ms)
			SetupTypeCache (2382ms)
				TypeCache.Initialize (1293ms)
					TypeCache.ScanAssembly (1271ms)
				ResolveRequiredComponents (32ms)
		FinalizeReload (0ms)
			ReleaseScriptCaches (0ms)
			RebuildScriptCaches (0ms)
			SetupLoadedEditorAssemblies (1579ms)
				LogAssemblyErrors (0ms)
				InitializePlatformSupportModulesInManaged (20ms)
				SetLoadedEditorAssemblies (16ms)
				RefreshPlugins (0ms)
				BeforeProcessingInitializeOnLoad (303ms)
				ProcessInitializeOnLoadAttributes (1077ms)
				ProcessInitializeOnLoadMethodAttributes (139ms)
				AfterProcessingInitializeOnLoad (24ms)
				EditorAssembliesLoaded (2ms)
			ExecutionOrderSort2 (1ms)
			AwakeInstancesAfterBackupRestoration (21ms)
Launched and connected shader compiler UnityShaderCompiler.exe after 0.20 seconds
Refreshing native plugins compatible for Editor in 3.37 ms, found 4 plugins.
Preloading 0 native plugins for Editor in 0.00 ms.
Unloading 4269 Unused Serialized files (Serialized files now loaded: 0)
Unloading 40 unused Assets / (72.0 KB). Loaded Objects now: 4730.
Memory consumption went from 0.64 GB to 0.64 GB.
Total: 19.987800 ms (FindLiveObjects: 1.351000 ms CreateObjectMapping: 1.071500 ms MarkObjects: 16.840500 ms  DeleteObjects: 0.721200 ms)

AssetImportParameters requested are different than current active one (requested -> active):
  custom:container-demuxer-ogg: 62fdf1f143b41e24485cea50d1cbac27 -> 
  custom:video-decoder-ogg-theora: a1e56fd34408186e4bbccfd4996cb3dc -> 
  custom:framework-win-MediaFoundation: 216162199b28c13a410421893ffa2e32 -> 
  custom:container-demuxer-webm: 4f35f7cbe854078d1ac9338744f61a02 -> 
  custom:container-muxer-webm: aa71ff27fc2769a1b78a27578f13a17b -> 
  custom:video-decoder-webm-vp8: 9c59270c3fd7afecdb556c50c9e8de78 -> 
  custom:AudioImporter_EditorPlatform: d09bf68614088b80899f8185d706f6e7 -> 
  custom:video-encoder-webm-vp8: eb34c28f22e8b96e1ab97ce403110664 -> 
  custom:audio-decoder-ogg-vorbis: bf7c407c2cedff20999df2af8eb42d56 -> 
  custom:audio-encoder-webm-vorbis: bf7c407c2cedff20999df2af8eb42d56 -> 
========================================================================
Received Import Request.
  Time since last request: 450597.258107 seconds.
  path: Assets/Scripts/Obstacle.cs
  artifactKey: Guid(6c8f842329ac23646b7042982983cd89) Importer(815301076,1909f56bfc062723c751e8b465ee728b)
Number of updated assets reloaded before import = 0
Start importing Assets/Scripts/Obstacle.cs using Guid(6c8f842329ac23646b7042982983cd89) Importer(815301076,1909f56bfc062723c751e8b465ee728b)  -> (artifact id: '2c51a0a36ec3a91ace1fedb082baffaa') in 0.180390 seconds 
Number of asset objects unloaded after import = 0
========================================================================
Received Import Request.
  Time since last request: 33.547707 seconds.
  path: Assets/Scripts/Obstacle.cs
  artifactKey: Guid(6c8f842329ac23646b7042982983cd89) Importer(815301076,1909f56bfc062723c751e8b465ee728b)
Number of updated assets reloaded before import = 0
Start importing Assets/Scripts/Obstacle.cs using Guid(6c8f842329ac23646b7042982983cd89) Importer(815301076,1909f56bfc062723c751e8b465ee728b)  -> (artifact id: '1a98f2a1dafb07be009b73ce2169e06e') in 0.014487 seconds 
Number of asset objects unloaded after import = 0
========================================================================
Received Import Request.
  Time since last request: 43.129216 seconds.
  path: Assets/Scripts/Obstacle.cs
  artifactKey: Guid(6c8f842329ac23646b7042982983cd89) Importer(815301076,1909f56bfc062723c751e8b465ee728b)
Number of updated assets reloaded before import = 0
Start importing Assets/Scripts/Obstacle.cs using Guid(6c8f842329ac23646b7042982983cd89) Importer(815301076,1909f56bfc062723c751e8b465ee728b)  -> (artifact id: '01ebd520d34a3f6eed91bf1c10bd825f') in 0.014337 seconds 
Number of asset objects unloaded after import = 0
========================================================================
Received Prepare
Registering precompiled user dll's ...
Registered in 0.021032 seconds.
Begin MonoManager ReloadAssembly
Symbol file LoadedFromMemory doesn't match image C:\Users\PC\Desktop\COMPUTER_SCIENCE\projects_general\Unity_Projects\My project (1)\Library\PackageCache\com.unity.visualscripting@1.7.8\Editor\VisualScripting.Core\Dependencies\DotNetZip\Unity.VisualScripting.IonicZip.dll
Symbol file LoadedFromMemory doesn't match image C:\Users\PC\Desktop\COMPUTER_SCIENCE\projects_general\Unity_Projects\My project (1)\Library\PackageCache\com.unity.visualscripting@1.7.8\Editor\VisualScripting.Core\Dependencies\YamlDotNet\Unity.VisualScripting.YamlDotNet.dll
- Loaded All Assemblies, in  4.228 seconds
Refreshing native plugins compatible for Editor in 26.62 ms, found 4 plugins.
Native extension for WebGL target not found
Native extension for WindowsStandalone target not found
Mono: successfully reloaded assembly
- Finished resetting the current domain, in  5.668 seconds
Domain Reload Profiling:
	ReloadAssembly (1274ms)
		BeginReloadAssembly (942ms)
			ExecutionOrderSort (0ms)
			DisableScriptedObjects (34ms)
			BackupInstance (0ms)
			ReleaseScriptingObjects (0ms)
			CreateAndSetChildDomain (287ms)
		LoadAllAssembliesAndSetupDomain (2929ms)
			LoadAssemblies (1116ms)
			RebuildTransferFunctionScriptingTraits (0ms)
			SetupTypeCache (2303ms)
				TypeCache.Initialize (1311ms)
					TypeCache.ScanAssembly (1278ms)
				ResolveRequiredComponents (22ms)
		FinalizeReload (0ms)
			ReleaseScriptCaches (0ms)
			RebuildScriptCaches (0ms)
			SetupLoadedEditorAssemblies (1549ms)
				LogAssemblyErrors (0ms)
				InitializePlatformSupportModulesInManaged (66ms)
				SetLoadedEditorAssemblies (28ms)
				RefreshPlugins (0ms)
				BeforeProcessingInitializeOnLoad (340ms)
				ProcessInitializeOnLoadAttributes (940ms)
				ProcessInitializeOnLoadMethodAttributes (141ms)
				AfterProcessingInitializeOnLoad (33ms)
				EditorAssembliesLoaded (1ms)
			ExecutionOrderSort2 (0ms)
			AwakeInstancesAfterBackupRestoration (38ms)
Refreshing native plugins compatible for Editor in 6.77 ms, found 4 plugins.
Preloading 0 native plugins for Editor in 0.00 ms.
Unloading 4258 Unused Serialized files (Serialized files now loaded: 0)
Unloading 29 unused Assets / (40.0 KB). Loaded Objects now: 4733.
Memory consumption went from 0.63 GB to 0.63 GB.
Total: 21.432100 ms (FindLiveObjects: 1.653500 ms CreateObjectMapping: 1.065900 ms MarkObjects: 18.492500 ms  DeleteObjects: 0.217300 ms)

AssetImportParameters requested are different than current active one (requested -> active):
  custom:container-demuxer-ogg: 62fdf1f143b41e24485cea50d1cbac27 -> 
  custom:video-decoder-ogg-theora: a1e56fd34408186e4bbccfd4996cb3dc -> 
  custom:framework-win-MediaFoundation: 216162199b28c13a410421893ffa2e32 -> 
  custom:container-demuxer-webm: 4f35f7cbe854078d1ac9338744f61a02 -> 
  custom:container-muxer-webm: aa71ff27fc2769a1b78a27578f13a17b -> 
  custom:video-decoder-webm-vp8: 9c59270c3fd7afecdb556c50c9e8de78 -> 
  custom:AudioImporter_EditorPlatform: d09bf68614088b80899f8185d706f6e7 -> 
  custom:video-encoder-webm-vp8: eb34c28f22e8b96e1ab97ce403110664 -> 
  custom:audio-decoder-ogg-vorbis: bf7c407c2cedff20999df2af8eb42d56 -> 
  custom:audio-encoder-webm-vorbis: bf7c407c2cedff20999df2af8eb42d56 -> 
========================================================================
Received Import Request.
  Time since last request: 34.013893 seconds.
  path: Assets/Scripts/GameOver.cs
  artifactKey: Guid(cb28a46ce490ef9458bebcf9bcf79f65) Importer(815301076,1909f56bfc062723c751e8b465ee728b)
Number of updated assets reloaded before import = 0
Start importing Assets/Scripts/GameOver.cs using Guid(cb28a46ce490ef9458bebcf9bcf79f65) Importer(815301076,1909f56bfc062723c751e8b465ee728b)  -> (artifact id: 'fc33ec3282461669304f9ace38906714') in 0.051554 seconds 
Number of asset objects unloaded after import = 0
========================================================================
Received Prepare
Registering precompiled user dll's ...
Registered in 0.018497 seconds.
Begin MonoManager ReloadAssembly
Symbol file LoadedFromMemory doesn't match image C:\Users\PC\Desktop\COMPUTER_SCIENCE\projects_general\Unity_Projects\My project (1)\Library\PackageCache\com.unity.visualscripting@1.7.8\Editor\VisualScripting.Core\Dependencies\DotNetZip\Unity.VisualScripting.IonicZip.dll
Symbol file LoadedFromMemory doesn't match image C:\Users\PC\Desktop\COMPUTER_SCIENCE\projects_general\Unity_Projects\My project (1)\Library\PackageCache\com.unity.visualscripting@1.7.8\Editor\VisualScripting.Core\Dependencies\YamlDotNet\Unity.VisualScripting.YamlDotNet.dll
- Loaded All Assemblies, in  2.993 seconds
Refreshing native plugins compatible for Editor in 19.87 ms, found 4 plugins.
Native extension for WebGL target not found
Native extension for WindowsStandalone target not found
Mono: successfully reloaded assembly
- Finished resetting the current domain, in  4.896 seconds
Domain Reload Profiling:
	ReloadAssembly (802ms)
		BeginReloadAssembly (447ms)
			ExecutionOrderSort (0ms)
			DisableScriptedObjects (34ms)
			BackupInstance (0ms)
			ReleaseScriptingObjects (0ms)
			CreateAndSetChildDomain (145ms)
		LoadAllAssembliesAndSetupDomain (2166ms)
			LoadAssemblies (364ms)
			RebuildTransferFunctionScriptingTraits (0ms)
			SetupTypeCache (1960ms)
				TypeCache.Initialize (1057ms)
					TypeCache.ScanAssembly (1043ms)
				ResolveRequiredComponents (19ms)
		FinalizeReload (0ms)
			ReleaseScriptCaches (0ms)
			RebuildScriptCaches (0ms)
			SetupLoadedEditorAssemblies (1583ms)
				LogAssemblyErrors (0ms)
				InitializePlatformSupportModulesInManaged (131ms)
				SetLoadedEditorAssemblies (38ms)
				RefreshPlugins (0ms)
				BeforeProcessingInitializeOnLoad (359ms)
				ProcessInitializeOnLoadAttributes (901ms)
				ProcessInitializeOnLoadMethodAttributes (118ms)
				AfterProcessingInitializeOnLoad (34ms)
				EditorAssembliesLoaded (1ms)
			ExecutionOrderSort2 (0ms)
			AwakeInstancesAfterBackupRestoration (30ms)
Refreshing native plugins compatible for Editor in 3.23 ms, found 4 plugins.
Preloading 0 native plugins for Editor in 0.00 ms.
Unloading 4259 Unused Serialized files (Serialized files now loaded: 0)
Unloading 29 unused Assets / (38.9 KB). Loaded Objects now: 4737.
Memory consumption went from 0.63 GB to 0.63 GB.
Total: 13.190800 ms (FindLiveObjects: 0.880800 ms CreateObjectMapping: 1.080800 ms MarkObjects: 10.829100 ms  DeleteObjects: 0.341100 ms)

AssetImportParameters requested are different than current active one (requested -> active):
  custom:container-demuxer-ogg: 62fdf1f143b41e24485cea50d1cbac27 -> 
  custom:video-decoder-ogg-theora: a1e56fd34408186e4bbccfd4996cb3dc -> 
  custom:framework-win-MediaFoundation: 216162199b28c13a410421893ffa2e32 -> 
  custom:container-demuxer-webm: 4f35f7cbe854078d1ac9338744f61a02 -> 
  custom:container-muxer-webm: aa71ff27fc2769a1b78a27578f13a17b -> 
  custom:video-decoder-webm-vp8: 9c59270c3fd7afecdb556c50c9e8de78 -> 
  custom:AudioImporter_EditorPlatform: d09bf68614088b80899f8185d706f6e7 -> 
  custom:video-encoder-webm-vp8: eb34c28f22e8b96e1ab97ce403110664 -> 
  custom:audio-decoder-ogg-vorbis: bf7c407c2cedff20999df2af8eb42d56 -> 
  custom:audio-encoder-webm-vorbis: bf7c407c2cedff20999df2af8eb42d56 -> 
========================================================================
Received Import Request.
  Time since last request: 48.003359 seconds.
  path: Assets/Scripts/GameOver.cs
  artifactKey: Guid(cb28a46ce490ef9458bebcf9bcf79f65) Importer(815301076,1909f56bfc062723c751e8b465ee728b)
Number of updated assets reloaded before import = 0
Start importing Assets/Scripts/GameOver.cs using Guid(cb28a46ce490ef9458bebcf9bcf79f65) Importer(815301076,1909f56bfc062723c751e8b465ee728b)  -> (artifact id: '373c95bc13e68d89bcc47315670481c3') in 0.023640 seconds 
Number of asset objects unloaded after import = 0
========================================================================
Received Import Request.
  Time since last request: 61.081541 seconds.
  path: Assets/Scripts/GameOver.cs
  artifactKey: Guid(cb28a46ce490ef9458bebcf9bcf79f65) Importer(815301076,1909f56bfc062723c751e8b465ee728b)
Number of updated assets reloaded before import = 0
Start importing Assets/Scripts/GameOver.cs using Guid(cb28a46ce490ef9458bebcf9bcf79f65) Importer(815301076,1909f56bfc062723c751e8b465ee728b)  -> (artifact id: 'b423bcd61b0c45abf6b668df2dd73a82') in 0.008885 seconds 
Number of asset objects unloaded after import = 0
========================================================================
Received Import Request.
  Time since last request: 31.202575 seconds.
  path: Assets/Scripts/GameOver.cs
  artifactKey: Guid(cb28a46ce490ef9458bebcf9bcf79f65) Importer(815301076,1909f56bfc062723c751e8b465ee728b)
Number of updated assets reloaded before import = 0
Start importing Assets/Scripts/GameOver.cs using Guid(cb28a46ce490ef9458bebcf9bcf79f65) Importer(815301076,1909f56bfc062723c751e8b465ee728b)  -> (artifact id: '56d49511fa8a84ef6db8a406115519e2') in 0.014849 seconds 
Number of asset objects unloaded after import = 0
========================================================================
Received Import Request.
  Time since last request: 17.327254 seconds.
  path: Assets/Scripts/GameOver.cs
  artifactKey: Guid(cb28a46ce490ef9458bebcf9bcf79f65) Importer(815301076,1909f56bfc062723c751e8b465ee728b)
Number of updated assets reloaded before import = 0
Start importing Assets/Scripts/GameOver.cs using Guid(cb28a46ce490ef9458bebcf9bcf79f65) Importer(815301076,1909f56bfc062723c751e8b465ee728b)  -> (artifact id: '48a0d2ce3bdb38a32ae41d516c4530bb') in 0.007318 seconds 
Number of asset objects unloaded after import = 0
========================================================================
Received Import Request.
  Time since last request: 60.513716 seconds.
  path: Assets/Scripts/GameOver.cs
  artifactKey: Guid(cb28a46ce490ef9458bebcf9bcf79f65) Importer(815301076,1909f56bfc062723c751e8b465ee728b)
Number of updated assets reloaded before import = 0
Start importing Assets/Scripts/GameOver.cs using Guid(cb28a46ce490ef9458bebcf9bcf79f65) Importer(815301076,1909f56bfc062723c751e8b465ee728b)  -> (artifact id: '2e00d996e9cfc963980bf45f0d93c9c6') in 0.007198 seconds 
Number of asset objects unloaded after import = 0
========================================================================
Received Import Request.
  Time since last request: 4.909155 seconds.
  path: Assets/Scripts/GameOver.cs
  artifactKey: Guid(cb28a46ce490ef9458bebcf9bcf79f65) Importer(815301076,1909f56bfc062723c751e8b465ee728b)
Number of updated assets reloaded before import = 0
Start importing Assets/Scripts/GameOver.cs using Guid(cb28a46ce490ef9458bebcf9bcf79f65) Importer(815301076,1909f56bfc062723c751e8b465ee728b)  -> (artifact id: '1174bf7756bc6f2a1fa6c613fc0c2f78') in 0.013323 seconds 
Number of asset objects unloaded after import = 0
========================================================================
Received Prepare
Registering precompiled user dll's ...
Registered in 0.013630 seconds.
Begin MonoManager ReloadAssembly
Symbol file LoadedFromMemory doesn't match image C:\Users\PC\Desktop\COMPUTER_SCIENCE\projects_general\Unity_Projects\My project (1)\Library\PackageCache\com.unity.visualscripting@1.7.8\Editor\VisualScripting.Core\Dependencies\DotNetZip\Unity.VisualScripting.IonicZip.dll
Symbol file LoadedFromMemory doesn't match image C:\Users\PC\Desktop\COMPUTER_SCIENCE\projects_general\Unity_Projects\My project (1)\Library\PackageCache\com.unity.visualscripting@1.7.8\Editor\VisualScripting.Core\Dependencies\YamlDotNet\Unity.VisualScripting.YamlDotNet.dll
- Loaded All Assemblies, in  2.675 seconds
Refreshing native plugins compatible for Editor in 38.50 ms, found 4 plugins.
Native extension for WebGL target not found
Native extension for WindowsStandalone target not found
Mono: successfully reloaded assembly
- Finished resetting the current domain, in  4.857 seconds
Domain Reload Profiling:
	ReloadAssembly (763ms)
		BeginReloadAssembly (503ms)
			ExecutionOrderSort (0ms)
			DisableScriptedObjects (40ms)
			BackupInstance (0ms)
			ReleaseScriptingObjects (0ms)
			CreateAndSetChildDomain (170ms)
		LoadAllAssembliesAndSetupDomain (1874ms)
			LoadAssemblies (296ms)
			RebuildTransferFunctionScriptingTraits (0ms)
			SetupTypeCache (1731ms)
				TypeCache.Initialize (880ms)
					TypeCache.ScanAssembly (854ms)
				ResolveRequiredComponents (21ms)
		FinalizeReload (0ms)
			ReleaseScriptCaches (0ms)
			RebuildScriptCaches (0ms)
			SetupLoadedEditorAssemblies (1376ms)
				LogAssemblyErrors (0ms)
				InitializePlatformSupportModulesInManaged (56ms)
				SetLoadedEditorAssemblies (27ms)
				RefreshPlugins (0ms)
				BeforeProcessingInitializeOnLoad (464ms)
				ProcessInitializeOnLoadAttributes (709ms)
				ProcessInitializeOnLoadMethodAttributes (94ms)
				AfterProcessingInitializeOnLoad (26ms)
				EditorAssembliesLoaded (0ms)
			ExecutionOrderSort2 (0ms)
			AwakeInstancesAfterBackupRestoration (23ms)
Refreshing native plugins compatible for Editor in 1.99 ms, found 4 plugins.
Preloading 0 native plugins for Editor in 0.00 ms.
Unloading 4259 Unused Serialized files (Serialized files now loaded: 0)
Unloading 29 unused Assets / (39.9 KB). Loaded Objects now: 4740.
Memory consumption went from 0.63 GB to 0.63 GB.
Total: 8.482000 ms (FindLiveObjects: 0.556600 ms CreateObjectMapping: 0.688900 ms MarkObjects: 7.070900 ms  DeleteObjects: 0.163500 ms)

AssetImportParameters requested are different than current active one (requested -> active):
  custom:container-demuxer-ogg: 62fdf1f143b41e24485cea50d1cbac27 -> 
  custom:video-decoder-ogg-theora: a1e56fd34408186e4bbccfd4996cb3dc -> 
  custom:framework-win-MediaFoundation: 216162199b28c13a410421893ffa2e32 -> 
  custom:container-demuxer-webm: 4f35f7cbe854078d1ac9338744f61a02 -> 
  custom:container-muxer-webm: aa71ff27fc2769a1b78a27578f13a17b -> 
  custom:video-decoder-webm-vp8: 9c59270c3fd7afecdb556c50c9e8de78 -> 
  custom:AudioImporter_EditorPlatform: d09bf68614088b80899f8185d706f6e7 -> 
  custom:video-encoder-webm-vp8: eb34c28f22e8b96e1ab97ce403110664 -> 
  custom:audio-decoder-ogg-vorbis: bf7c407c2cedff20999df2af8eb42d56 -> 
  custom:audio-encoder-webm-vorbis: bf7c407c2cedff20999df2af8eb42d56 -> 
========================================================================
Received Prepare
Registering precompiled user dll's ...
Registered in 0.020240 seconds.
Begin MonoManager ReloadAssembly
Symbol file LoadedFromMemory doesn't match image C:\Users\PC\Desktop\COMPUTER_SCIENCE\projects_general\Unity_Projects\My project (1)\Library\PackageCache\com.unity.visualscripting@1.7.8\Editor\VisualScripting.Core\Dependencies\DotNetZip\Unity.VisualScripting.IonicZip.dll
Symbol file LoadedFromMemory doesn't match image C:\Users\PC\Desktop\COMPUTER_SCIENCE\projects_general\Unity_Projects\My project (1)\Library\PackageCache\com.unity.visualscripting@1.7.8\Editor\VisualScripting.Core\Dependencies\YamlDotNet\Unity.VisualScripting.YamlDotNet.dll
- Loaded All Assemblies, in  2.410 seconds
Refreshing native plugins compatible for Editor in 22.27 ms, found 4 plugins.
Native extension for WebGL target not found
Native extension for WindowsStandalone target not found
Mono: successfully reloaded assembly
- Finished resetting the current domain, in  4.503 seconds
Domain Reload Profiling:
	ReloadAssembly (575ms)
		BeginReloadAssembly (316ms)
			ExecutionOrderSort (0ms)
			DisableScriptedObjects (18ms)
			BackupInstance (0ms)
			ReleaseScriptingObjects (0ms)
			CreateAndSetChildDomain (92ms)
		LoadAllAssembliesAndSetupDomain (1816ms)
			LoadAssemblies (244ms)
			RebuildTransferFunctionScriptingTraits (0ms)
			SetupTypeCache (1704ms)
				TypeCache.Initialize (824ms)
					TypeCache.ScanAssembly (804ms)
				ResolveRequiredComponents (18ms)
		FinalizeReload (0ms)
			ReleaseScriptCaches (0ms)
			RebuildScriptCaches (0ms)
			SetupLoadedEditorAssemblies (1442ms)
				LogAssemblyErrors (0ms)
				InitializePlatformSupportModulesInManaged (54ms)
				SetLoadedEditorAssemblies (24ms)
				RefreshPlugins (0ms)
				BeforeProcessingInitializeOnLoad (321ms)
				ProcessInitializeOnLoadAttributes (879ms)
				ProcessInitializeOnLoadMethodAttributes (132ms)
				AfterProcessingInitializeOnLoad (31ms)
				EditorAssembliesLoaded (1ms)
			ExecutionOrderSort2 (0ms)
			AwakeInstancesAfterBackupRestoration (30ms)
Refreshing native plugins compatible for Editor in 1.58 ms, found 4 plugins.
Preloading 0 native plugins for Editor in 0.00 ms.
Unloading 4260 Unused Serialized files (Serialized files now loaded: 0)
Unloading 29 unused Assets / (46.2 KB). Loaded Objects now: 4743.
Memory consumption went from 0.63 GB to 0.63 GB.
Total: 12.390700 ms (FindLiveObjects: 1.103600 ms CreateObjectMapping: 0.990700 ms MarkObjects: 10.158100 ms  DeleteObjects: 0.135400 ms)

AssetImportParameters requested are different than current active one (requested -> active):
  custom:container-demuxer-ogg: 62fdf1f143b41e24485cea50d1cbac27 -> 
  custom:video-decoder-ogg-theora: a1e56fd34408186e4bbccfd4996cb3dc -> 
  custom:framework-win-MediaFoundation: 216162199b28c13a410421893ffa2e32 -> 
  custom:container-demuxer-webm: 4f35f7cbe854078d1ac9338744f61a02 -> 
  custom:container-muxer-webm: aa71ff27fc2769a1b78a27578f13a17b -> 
  custom:video-decoder-webm-vp8: 9c59270c3fd7afecdb556c50c9e8de78 -> 
  custom:AudioImporter_EditorPlatform: d09bf68614088b80899f8185d706f6e7 -> 
  custom:video-encoder-webm-vp8: eb34c28f22e8b96e1ab97ce403110664 -> 
  custom:audio-decoder-ogg-vorbis: bf7c407c2cedff20999df2af8eb42d56 -> 
  custom:audio-encoder-webm-vorbis: bf7c407c2cedff20999df2af8eb42d56 -> 
========================================================================
Received Import Request.
  Time since last request: 228.829020 seconds.
  path: Assets/Prefabe/Game Manager.prefab
  artifactKey: Guid(87cbba899654cf14c994fce529c2b8a2) Importer(815301076,1909f56bfc062723c751e8b465ee728b)
Number of updated assets reloaded before import = 0
Start importing Assets/Prefabe/Game Manager.prefab using Guid(87cbba899654cf14c994fce529c2b8a2) Importer(815301076,1909f56bfc062723c751e8b465ee728b)  -> (artifact id: '1b80c41c0ebb6a8dc507600c645f5d6d') in 0.503300 seconds 
Number of asset objects unloaded after import = 52
========================================================================
Received Import Request.
  Time since last request: 4.786947 seconds.
  path: Assets/Prefabe/Canvas.prefab
  artifactKey: Guid(8c95f082c83dc9c49a1bf53171d97308) Importer(815301076,1909f56bfc062723c751e8b465ee728b)
Number of updated assets reloaded before import = 0
Start importing Assets/Prefabe/Canvas.prefab using Guid(8c95f082c83dc9c49a1bf53171d97308) Importer(815301076,1909f56bfc062723c751e8b465ee728b)  -> (artifact id: '650a7823f397bf7233780919b8f81312') in 0.034062 seconds 
Number of asset objects unloaded after import = 30
========================================================================
Received Import Request.
  Time since last request: 2.550709 seconds.
  path: Assets/Prefabe/EventSystem.prefab
  artifactKey: Guid(f66e764730bb44d43a3cd26a0cc2d6bd) Importer(815301076,1909f56bfc062723c751e8b465ee728b)
Number of updated assets reloaded before import = 0
Start importing Assets/Prefabe/EventSystem.prefab using Guid(f66e764730bb44d43a3cd26a0cc2d6bd) Importer(815301076,1909f56bfc062723c751e8b465ee728b)  -> (artifact id: 'aeea6566e495ae5eba46ec589cfddf08') in 0.021546 seconds 
Number of asset objects unloaded after import = 6
========================================================================
Received Import Request.
  Time since last request: 125.749213 seconds.
  path: Assets/Prefabe/Canvas.prefab
  artifactKey: Guid(8c95f082c83dc9c49a1bf53171d97308) Importer(815301076,1909f56bfc062723c751e8b465ee728b)
Number of updated assets reloaded before import = 0
Start importing Assets/Prefabe/Canvas.prefab using Guid(8c95f082c83dc9c49a1bf53171d97308) Importer(815301076,1909f56bfc062723c751e8b465ee728b)  -> (artifact id: '33b6d858035aa7909cebb6b50db7bb25') in 0.017609 seconds 
Number of asset objects unloaded after import = 34
========================================================================
Received Import Request.
  Time since last request: 27.183905 seconds.
  path: Assets/Scripts/ScoreManager.cs
  artifactKey: Guid(3207f34b8facdd847b8dbb6d98a7e46c) Importer(815301076,1909f56bfc062723c751e8b465ee728b)
Number of updated assets reloaded before import = 0
Start importing Assets/Scripts/ScoreManager.cs using Guid(3207f34b8facdd847b8dbb6d98a7e46c) Importer(815301076,1909f56bfc062723c751e8b465ee728b)  -> (artifact id: 'aa736f9a9012eadfbf196de8f429dc3e') in 0.020485 seconds 
Number of asset objects unloaded after import = 0
========================================================================
Received Prepare
Registering precompiled user dll's ...
Registered in 0.011264 seconds.
Begin MonoManager ReloadAssembly
Symbol file LoadedFromMemory doesn't match image C:\Users\PC\Desktop\COMPUTER_SCIENCE\projects_general\Unity_Projects\My project (1)\Library\PackageCache\com.unity.visualscripting@1.7.8\Editor\VisualScripting.Core\Dependencies\DotNetZip\Unity.VisualScripting.IonicZip.dll
Symbol file LoadedFromMemory doesn't match image C:\Users\PC\Desktop\COMPUTER_SCIENCE\projects_general\Unity_Projects\My project (1)\Library\PackageCache\com.unity.visualscripting@1.7.8\Editor\VisualScripting.Core\Dependencies\YamlDotNet\Unity.VisualScripting.YamlDotNet.dll
- Loaded All Assemblies, in  3.299 seconds
Refreshing native plugins compatible for Editor in 42.15 ms, found 4 plugins.
Native extension for WebGL target not found
Native extension for WindowsStandalone target not found
Mono: successfully reloaded assembly
- Finished resetting the current domain, in  4.666 seconds
Domain Reload Profiling:
	ReloadAssembly (1024ms)
		BeginReloadAssembly (716ms)
			ExecutionOrderSort (0ms)
			DisableScriptedObjects (20ms)
			BackupInstance (0ms)
			ReleaseScriptingObjects (0ms)
			CreateAndSetChildDomain (140ms)
		LoadAllAssembliesAndSetupDomain (2257ms)
			LoadAssemblies (562ms)
			RebuildTransferFunctionScriptingTraits (0ms)
			SetupTypeCache (2135ms)
				TypeCache.Initialize (1081ms)
					TypeCache.ScanAssembly (1067ms)
				ResolveRequiredComponents (21ms)
		FinalizeReload (0ms)
			ReleaseScriptCaches (0ms)
			RebuildScriptCaches (0ms)
			SetupLoadedEditorAssemblies (1435ms)
				LogAssemblyErrors (0ms)
				InitializePlatformSupportModulesInManaged (65ms)
				SetLoadedEditorAssemblies (29ms)
				RefreshPlugins (0ms)
				BeforeProcessingInitializeOnLoad (340ms)
				ProcessInitializeOnLoadAttributes (834ms)
				ProcessInitializeOnLoadMethodAttributes (129ms)
				AfterProcessingInitializeOnLoad (36ms)
				EditorAssembliesLoaded (1ms)
			ExecutionOrderSort2 (0ms)
			AwakeInstancesAfterBackupRestoration (26ms)
Refreshing native plugins compatible for Editor in 1.87 ms, found 4 plugins.
Preloading 0 native plugins for Editor in 0.00 ms.
Unloading 4260 Unused Serialized files (Serialized files now loaded: 0)
Unloading 30 unused Assets / (40.7 KB). Loaded Objects now: 4758.
Memory consumption went from 0.64 GB to 0.64 GB.
Total: 18.111600 ms (FindLiveObjects: 1.947500 ms CreateObjectMapping: 1.597100 ms MarkObjects: 13.778900 ms  DeleteObjects: 0.785300 ms)

AssetImportParameters requested are different than current active one (requested -> active):
  custom:container-demuxer-ogg: 62fdf1f143b41e24485cea50d1cbac27 -> 
  custom:video-decoder-ogg-theora: a1e56fd34408186e4bbccfd4996cb3dc -> 
  custom:framework-win-MediaFoundation: 216162199b28c13a410421893ffa2e32 -> 
  custom:container-demuxer-webm: 4f35f7cbe854078d1ac9338744f61a02 -> 
  custom:container-muxer-webm: aa71ff27fc2769a1b78a27578f13a17b -> 
  custom:video-decoder-webm-vp8: 9c59270c3fd7afecdb556c50c9e8de78 -> 
  custom:AudioImporter_EditorPlatform: d09bf68614088b80899f8185d706f6e7 -> 
  custom:video-encoder-webm-vp8: eb34c28f22e8b96e1ab97ce403110664 -> 
  custom:audio-decoder-ogg-vorbis: bf7c407c2cedff20999df2af8eb42d56 -> 
  custom:audio-encoder-webm-vorbis: bf7c407c2cedff20999df2af8eb42d56 -> 
========================================================================
Received Import Request.
  Time since last request: 26.343629 seconds.
  path: Assets/Scripts/ScoreManager.cs
  artifactKey: Guid(3207f34b8facdd847b8dbb6d98a7e46c) Importer(815301076,1909f56bfc062723c751e8b465ee728b)
Number of updated assets reloaded before import = 0
Start importing Assets/Scripts/ScoreManager.cs using Guid(3207f34b8facdd847b8dbb6d98a7e46c) Importer(815301076,1909f56bfc062723c751e8b465ee728b)  -> (artifact id: '722de79d7a26a3d171d4efc599b71df1') in 0.013588 seconds 
Number of asset objects unloaded after import = 0
========================================================================
Received Import Request.
  Time since last request: 25.503290 seconds.
  path: Assets/Scripts/ScoreManager.cs
  artifactKey: Guid(3207f34b8facdd847b8dbb6d98a7e46c) Importer(815301076,1909f56bfc062723c751e8b465ee728b)
Number of updated assets reloaded before import = 0
Start importing Assets/Scripts/ScoreManager.cs using Guid(3207f34b8facdd847b8dbb6d98a7e46c) Importer(815301076,1909f56bfc062723c751e8b465ee728b)  -> (artifact id: 'c5f362e9ac96af94c2507d063325ca1b') in 0.010310 seconds 
Number of asset objects unloaded after import = 0
========================================================================
Received Import Request.
  Time since last request: 31.159547 seconds.
  path: Assets/Scripts/ScoreManager.cs
  artifactKey: Guid(3207f34b8facdd847b8dbb6d98a7e46c) Importer(815301076,1909f56bfc062723c751e8b465ee728b)
Number of updated assets reloaded before import = 0
Start importing Assets/Scripts/ScoreManager.cs using Guid(3207f34b8facdd847b8dbb6d98a7e46c) Importer(815301076,1909f56bfc062723c751e8b465ee728b)  -> (artifact id: '7bac26a1cdba530e19370ef92a0aed70') in 0.020884 seconds 
Number of asset objects unloaded after import = 0
========================================================================
Received Import Request.
  Time since last request: 50.227229 seconds.
  path: Assets/Scripts/ScoreManager.cs
  artifactKey: Guid(3207f34b8facdd847b8dbb6d98a7e46c) Importer(815301076,1909f56bfc062723c751e8b465ee728b)
Number of updated assets reloaded before import = 0
Start importing Assets/Scripts/ScoreManager.cs using Guid(3207f34b8facdd847b8dbb6d98a7e46c) Importer(815301076,1909f56bfc062723c751e8b465ee728b)  -> (artifact id: 'dbf34f56bfbabe52d1fc479327a44e13') in 0.032977 seconds 
Number of asset objects unloaded after import = 0
========================================================================
Received Import Request.
  Time since last request: 56.389503 seconds.
  path: Assets/Scripts/ScoreManager.cs
  artifactKey: Guid(3207f34b8facdd847b8dbb6d98a7e46c) Importer(815301076,1909f56bfc062723c751e8b465ee728b)
Number of updated assets reloaded before import = 0
Start importing Assets/Scripts/ScoreManager.cs using Guid(3207f34b8facdd847b8dbb6d98a7e46c) Importer(815301076,1909f56bfc062723c751e8b465ee728b)  -> (artifact id: '6a7641547d6c6105ac637d9ea3bdda6c') in 0.017007 seconds 
Number of asset objects unloaded after import = 0
========================================================================
Received Prepare
Registering precompiled user dll's ...
Registered in 0.014881 seconds.
Begin MonoManager ReloadAssembly
Symbol file LoadedFromMemory doesn't match image C:\Users\PC\Desktop\COMPUTER_SCIENCE\projects_general\Unity_Projects\My project (1)\Library\PackageCache\com.unity.visualscripting@1.7.8\Editor\VisualScripting.Core\Dependencies\DotNetZip\Unity.VisualScripting.IonicZip.dll
Symbol file LoadedFromMemory doesn't match image C:\Users\PC\Desktop\COMPUTER_SCIENCE\projects_general\Unity_Projects\My project (1)\Library\PackageCache\com.unity.visualscripting@1.7.8\Editor\VisualScripting.Core\Dependencies\YamlDotNet\Unity.VisualScripting.YamlDotNet.dll
- Loaded All Assemblies, in  2.934 seconds
Refreshing native plugins compatible for Editor in 30.57 ms, found 4 plugins.
Native extension for WebGL target not found
Native extension for WindowsStandalone target not found
Mono: successfully reloaded assembly
- Finished resetting the current domain, in  5.099 seconds
Domain Reload Profiling:
	ReloadAssembly (720ms)
		BeginReloadAssembly (451ms)
			ExecutionOrderSort (0ms)
			DisableScriptedObjects (25ms)
			BackupInstance (0ms)
			ReleaseScriptingObjects (0ms)
			CreateAndSetChildDomain (111ms)
		LoadAllAssembliesAndSetupDomain (2200ms)
			LoadAssemblies (344ms)
			RebuildTransferFunctionScriptingTraits (0ms)
			SetupTypeCache (2048ms)
				TypeCache.Initialize (1127ms)
					TypeCache.ScanAssembly (1097ms)
				ResolveRequiredComponents (23ms)
		FinalizeReload (0ms)
			ReleaseScriptCaches (0ms)
			RebuildScriptCaches (0ms)
			SetupLoadedEditorAssemblies (1694ms)
				LogAssemblyErrors (0ms)
				InitializePlatformSupportModulesInManaged (111ms)
				SetLoadedEditorAssemblies (46ms)
				RefreshPlugins (0ms)
				BeforeProcessingInitializeOnLoad (494ms)
				ProcessInitializeOnLoadAttributes (856ms)
				ProcessInitializeOnLoadMethodAttributes (149ms)
				AfterProcessingInitializeOnLoad (38ms)
				EditorAssembliesLoaded (1ms)
			ExecutionOrderSort2 (0ms)
			AwakeInstancesAfterBackupRestoration (38ms)
Refreshing native plugins compatible for Editor in 2.08 ms, found 4 plugins.
Preloading 0 native plugins for Editor in 0.00 ms.
Unloading 4260 Unused Serialized files (Serialized files now loaded: 0)
Unloading 29 unused Assets / (38.8 KB). Loaded Objects now: 4761.
Memory consumption went from 0.64 GB to 0.64 GB.
Total: 12.626200 ms (FindLiveObjects: 0.668400 ms CreateObjectMapping: 0.792900 ms MarkObjects: 10.957900 ms  DeleteObjects: 0.203900 ms)

AssetImportParameters requested are different than current active one (requested -> active):
  custom:container-demuxer-ogg: 62fdf1f143b41e24485cea50d1cbac27 -> 
  custom:video-decoder-ogg-theora: a1e56fd34408186e4bbccfd4996cb3dc -> 
  custom:framework-win-MediaFoundation: 216162199b28c13a410421893ffa2e32 -> 
  custom:container-demuxer-webm: 4f35f7cbe854078d1ac9338744f61a02 -> 
  custom:container-muxer-webm: aa71ff27fc2769a1b78a27578f13a17b -> 
  custom:video-decoder-webm-vp8: 9c59270c3fd7afecdb556c50c9e8de78 -> 
  custom:AudioImporter_EditorPlatform: d09bf68614088b80899f8185d706f6e7 -> 
  custom:video-encoder-webm-vp8: eb34c28f22e8b96e1ab97ce403110664 -> 
  custom:audio-decoder-ogg-vorbis: bf7c407c2cedff20999df2af8eb42d56 -> 
  custom:audio-encoder-webm-vorbis: bf7c407c2cedff20999df2af8eb42d56 -> 
========================================================================
Received Prepare
Registering precompiled user dll's ...
Registered in 0.024553 seconds.
Begin MonoManager ReloadAssembly
Symbol file LoadedFromMemory doesn't match image C:\Users\PC\Desktop\COMPUTER_SCIENCE\projects_general\Unity_Projects\My project (1)\Library\PackageCache\com.unity.visualscripting@1.7.8\Editor\VisualScripting.Core\Dependencies\DotNetZip\Unity.VisualScripting.IonicZip.dll
Symbol file LoadedFromMemory doesn't match image C:\Users\PC\Desktop\COMPUTER_SCIENCE\projects_general\Unity_Projects\My project (1)\Library\PackageCache\com.unity.visualscripting@1.7.8\Editor\VisualScripting.Core\Dependencies\YamlDotNet\Unity.VisualScripting.YamlDotNet.dll
- Loaded All Assemblies, in  2.578 seconds
Refreshing native plugins compatible for Editor in 28.14 ms, found 4 plugins.
Native extension for WebGL target not found
Native extension for WindowsStandalone target not found
Mono: successfully reloaded assembly
- Finished resetting the current domain, in  4.157 seconds
Domain Reload Profiling:
	ReloadAssembly (681ms)
		BeginReloadAssembly (399ms)
			ExecutionOrderSort (0ms)
			DisableScriptedObjects (20ms)
			BackupInstance (0ms)
			ReleaseScriptingObjects (0ms)
			CreateAndSetChildDomain (130ms)
		LoadAllAssembliesAndSetupDomain (1886ms)
			LoadAssemblies (263ms)
			RebuildTransferFunctionScriptingTraits (0ms)
			SetupTypeCache (1757ms)
				TypeCache.Initialize (883ms)
					TypeCache.ScanAssembly (867ms)
				ResolveRequiredComponents (18ms)
		FinalizeReload (0ms)
			ReleaseScriptCaches (0ms)
			RebuildScriptCaches (0ms)
			SetupLoadedEditorAssemblies (1298ms)
				LogAssemblyErrors (0ms)
				InitializePlatformSupportModulesInManaged (44ms)
				SetLoadedEditorAssemblies (18ms)
				RefreshPlugins (0ms)
				BeforeProcessingInitializeOnLoad (266ms)
				ProcessInitializeOnLoadAttributes (798ms)
				ProcessInitializeOnLoadMethodAttributes (142ms)
				AfterProcessingInitializeOnLoad (30ms)
				EditorAssembliesLoaded (1ms)
			ExecutionOrderSort2 (0ms)
			AwakeInstancesAfterBackupRestoration (31ms)
Refreshing native plugins compatible for Editor in 2.39 ms, found 4 plugins.
Preloading 0 native plugins for Editor in 0.00 ms.
Unloading 4261 Unused Serialized files (Serialized files now loaded: 0)
Unloading 29 unused Assets / (46.2 KB). Loaded Objects now: 4764.
Memory consumption went from 0.64 GB to 0.64 GB.
Total: 11.774100 ms (FindLiveObjects: 1.083600 ms CreateObjectMapping: 1.084500 ms MarkObjects: 9.349800 ms  DeleteObjects: 0.254100 ms)

AssetImportParameters requested are different than current active one (requested -> active):
  custom:container-demuxer-ogg: 62fdf1f143b41e24485cea50d1cbac27 -> 
  custom:video-decoder-ogg-theora: a1e56fd34408186e4bbccfd4996cb3dc -> 
  custom:framework-win-MediaFoundation: 216162199b28c13a410421893ffa2e32 -> 
  custom:container-demuxer-webm: 4f35f7cbe854078d1ac9338744f61a02 -> 
  custom:container-muxer-webm: aa71ff27fc2769a1b78a27578f13a17b -> 
  custom:video-decoder-webm-vp8: 9c59270c3fd7afecdb556c50c9e8de78 -> 
  custom:AudioImporter_EditorPlatform: d09bf68614088b80899f8185d706f6e7 -> 
  custom:video-encoder-webm-vp8: eb34c28f22e8b96e1ab97ce403110664 -> 
  custom:audio-decoder-ogg-vorbis: bf7c407c2cedff20999df2af8eb42d56 -> 
  custom:audio-encoder-webm-vorbis: bf7c407c2cedff20999df2af8eb42d56 -> 
========================================================================
Received Import Request.
  Time since last request: 246.369536 seconds.
  path: Assets/Scripts/BackgroundMusic.cs
  artifactKey: Guid(a03df3f98282ff7479cf37a26d6143b6) Importer(815301076,1909f56bfc062723c751e8b465ee728b)
Number of updated assets reloaded before import = 0
Start importing Assets/Scripts/BackgroundMusic.cs using Guid(a03df3f98282ff7479cf37a26d6143b6) Importer(815301076,1909f56bfc062723c751e8b465ee728b)  -> (artifact id: 'b6c9bd312186978b6fd1eb0d6375462f') in 0.029986 seconds 
Number of asset objects unloaded after import = 0
========================================================================
Received Prepare
Registering precompiled user dll's ...
Registered in 0.013506 seconds.
Begin MonoManager ReloadAssembly
Symbol file LoadedFromMemory doesn't match image C:\Users\PC\Desktop\COMPUTER_SCIENCE\projects_general\Unity_Projects\My project (1)\Library\PackageCache\com.unity.visualscripting@1.7.8\Editor\VisualScripting.Core\Dependencies\DotNetZip\Unity.VisualScripting.IonicZip.dll
Symbol file LoadedFromMemory doesn't match image C:\Users\PC\Desktop\COMPUTER_SCIENCE\projects_general\Unity_Projects\My project (1)\Library\PackageCache\com.unity.visualscripting@1.7.8\Editor\VisualScripting.Core\Dependencies\YamlDotNet\Unity.VisualScripting.YamlDotNet.dll
- Loaded All Assemblies, in  2.715 seconds
Refreshing native plugins compatible for Editor in 23.98 ms, found 4 plugins.
Native extension for WebGL target not found
Native extension for WindowsStandalone target not found
Mono: successfully reloaded assembly
- Finished resetting the current domain, in  4.455 seconds
Domain Reload Profiling:
	ReloadAssembly (587ms)
		BeginReloadAssembly (359ms)
			ExecutionOrderSort (0ms)
			DisableScriptedObjects (30ms)
			BackupInstance (0ms)
			ReleaseScriptingObjects (0ms)
			CreateAndSetChildDomain (111ms)
		LoadAllAssembliesAndSetupDomain (2109ms)
			LoadAssemblies (229ms)
			RebuildTransferFunctionScriptingTraits (0ms)
			SetupTypeCache (1995ms)
				TypeCache.Initialize (1106ms)
					TypeCache.ScanAssembly (1088ms)
				ResolveRequiredComponents (20ms)
		FinalizeReload (0ms)
			ReleaseScriptCaches (0ms)
			RebuildScriptCaches (0ms)
			SetupLoadedEditorAssemblies (1504ms)
				LogAssemblyErrors (0ms)
				InitializePlatformSupportModulesInManaged (65ms)
				SetLoadedEditorAssemblies (29ms)
				RefreshPlugins (0ms)
				BeforeProcessingInitializeOnLoad (342ms)
				ProcessInitializeOnLoadAttributes (916ms)
				ProcessInitializeOnLoadMethodAttributes (119ms)
				AfterProcessingInitializeOnLoad (33ms)
				EditorAssembliesLoaded (1ms)
			ExecutionOrderSort2 (0ms)
			AwakeInstancesAfterBackupRestoration (33ms)
Refreshing native plugins compatible for Editor in 4.58 ms, found 4 plugins.
Preloading 0 native plugins for Editor in 0.02 ms.
Unloading 4261 Unused Serialized files (Serialized files now loaded: 0)
Unloading 29 unused Assets / (39.8 KB). Loaded Objects now: 4768.
Memory consumption went from 0.64 GB to 0.64 GB.
Total: 18.931100 ms (FindLiveObjects: 0.843300 ms CreateObjectMapping: 0.932900 ms MarkObjects: 17.030400 ms  DeleteObjects: 0.122400 ms)

AssetImportParameters requested are different than current active one (requested -> active):
  custom:container-demuxer-ogg: 62fdf1f143b41e24485cea50d1cbac27 -> 
  custom:video-decoder-ogg-theora: a1e56fd34408186e4bbccfd4996cb3dc -> 
  custom:framework-win-MediaFoundation: 216162199b28c13a410421893ffa2e32 -> 
  custom:container-demuxer-webm: 4f35f7cbe854078d1ac9338744f61a02 -> 
  custom:container-muxer-webm: aa71ff27fc2769a1b78a27578f13a17b -> 
  custom:video-decoder-webm-vp8: 9c59270c3fd7afecdb556c50c9e8de78 -> 
  custom:AudioImporter_EditorPlatform: d09bf68614088b80899f8185d706f6e7 -> 
  custom:video-encoder-webm-vp8: eb34c28f22e8b96e1ab97ce403110664 -> 
  custom:audio-decoder-ogg-vorbis: bf7c407c2cedff20999df2af8eb42d56 -> 
  custom:audio-encoder-webm-vorbis: bf7c407c2cedff20999df2af8eb42d56 -> 
========================================================================
Received Import Request.
  Time since last request: 109.924907 seconds.
  path: Assets/Scripts/BackgroundMusic.cs
  artifactKey: Guid(a03df3f98282ff7479cf37a26d6143b6) Importer(815301076,1909f56bfc062723c751e8b465ee728b)
Number of updated assets reloaded before import = 0
Start importing Assets/Scripts/BackgroundMusic.cs using Guid(a03df3f98282ff7479cf37a26d6143b6) Importer(815301076,1909f56bfc062723c751e8b465ee728b)  -> (artifact id: '1a53b793b3dfaebda8a9b933553eab41') in 0.024528 seconds 
Number of asset objects unloaded after import = 0
========================================================================
Received Import Request.
  Time since last request: 40.436445 seconds.
  path: Assets/Scripts/BackgroundMusic.cs
  artifactKey: Guid(a03df3f98282ff7479cf37a26d6143b6) Importer(815301076,1909f56bfc062723c751e8b465ee728b)
Number of updated assets reloaded before import = 0
Start importing Assets/Scripts/BackgroundMusic.cs using Guid(a03df3f98282ff7479cf37a26d6143b6) Importer(815301076,1909f56bfc062723c751e8b465ee728b)  -> (artifact id: '70496e7c75cec807c555d8892770d231') in 0.007376 seconds 
Number of asset objects unloaded after import = 0
========================================================================
Received Import Request.
  Time since last request: 17.041450 seconds.
  path: Assets/Scripts/BackgroundMusic.cs
  artifactKey: Guid(a03df3f98282ff7479cf37a26d6143b6) Importer(815301076,1909f56bfc062723c751e8b465ee728b)
Number of updated assets reloaded before import = 0
Start importing Assets/Scripts/BackgroundMusic.cs using Guid(a03df3f98282ff7479cf37a26d6143b6) Importer(815301076,1909f56bfc062723c751e8b465ee728b)  -> (artifact id: 'd84268d5876dceeccfb0a34afcdce656') in 0.005863 seconds 
Number of asset objects unloaded after import = 0
========================================================================
Received Import Request.
  Time since last request: 2.818982 seconds.
  path: Assets/Scripts/BackgroundMusic.cs
  artifactKey: Guid(a03df3f98282ff7479cf37a26d6143b6) Importer(815301076,1909f56bfc062723c751e8b465ee728b)
Number of updated assets reloaded before import = 0
Start importing Assets/Scripts/BackgroundMusic.cs using Guid(a03df3f98282ff7479cf37a26d6143b6) Importer(815301076,1909f56bfc062723c751e8b465ee728b)  -> (artifact id: 'c67ce993e374bd50c1553bb299d9dca4') in 0.005819 seconds 
Number of asset objects unloaded after import = 0
========================================================================
Received Prepare
Registering precompiled user dll's ...
Registered in 0.020250 seconds.
Begin MonoManager ReloadAssembly
Symbol file LoadedFromMemory doesn't match image C:\Users\PC\Desktop\COMPUTER_SCIENCE\projects_general\Unity_Projects\My project (1)\Library\PackageCache\com.unity.visualscripting@1.7.8\Editor\VisualScripting.Core\Dependencies\DotNetZip\Unity.VisualScripting.IonicZip.dll
Symbol file LoadedFromMemory doesn't match image C:\Users\PC\Desktop\COMPUTER_SCIENCE\projects_general\Unity_Projects\My project (1)\Library\PackageCache\com.unity.visualscripting@1.7.8\Editor\VisualScripting.Core\Dependencies\YamlDotNet\Unity.VisualScripting.YamlDotNet.dll
- Loaded All Assemblies, in  2.550 seconds
Refreshing native plugins compatible for Editor in 26.91 ms, found 4 plugins.
Native extension for WebGL target not found
Native extension for WindowsStandalone target not found
Mono: successfully reloaded assembly
- Finished resetting the current domain, in  2.478 seconds
Domain Reload Profiling:
	ReloadAssembly (971ms)
		BeginReloadAssembly (859ms)
			ExecutionOrderSort (0ms)
			DisableScriptedObjects (52ms)
			BackupInstance (0ms)
			ReleaseScriptingObjects (0ms)
			CreateAndSetChildDomain (410ms)
		LoadAllAssembliesAndSetupDomain (1574ms)
			LoadAssemblies (450ms)
			RebuildTransferFunctionScriptingTraits (0ms)
			SetupTypeCache (1380ms)
				TypeCache.Initialize (625ms)
					TypeCache.ScanAssembly (581ms)
				ResolveRequiredComponents (7ms)
		FinalizeReload (0ms)
			ReleaseScriptCaches (0ms)
			RebuildScriptCaches (0ms)
			SetupLoadedEditorAssemblies (731ms)
				LogAssemblyErrors (0ms)
				InitializePlatformSupportModulesInManaged (22ms)
				SetLoadedEditorAssemblies (11ms)
				RefreshPlugins (0ms)
				BeforeProcessingInitializeOnLoad (199ms)
				ProcessInitializeOnLoadAttributes (432ms)
				ProcessInitializeOnLoadMethodAttributes (56ms)
				AfterProcessingInitializeOnLoad (11ms)
				EditorAssembliesLoaded (0ms)
			ExecutionOrderSort2 (0ms)
			AwakeInstancesAfterBackupRestoration (15ms)
Refreshing native plugins compatible for Editor in 4.19 ms, found 4 plugins.
Preloading 0 native plugins for Editor in 0.00 ms.
Unloading 4261 Unused Serialized files (Serialized files now loaded: 0)
Unloading 29 unused Assets / (38.8 KB). Loaded Objects now: 4771.
Memory consumption went from 0.64 GB to 0.64 GB.
Total: 41.099300 ms (FindLiveObjects: 0.637400 ms CreateObjectMapping: 2.346200 ms MarkObjects: 37.446100 ms  DeleteObjects: 0.667100 ms)

AssetImportParameters requested are different than current active one (requested -> active):
  custom:container-demuxer-ogg: 62fdf1f143b41e24485cea50d1cbac27 -> 
  custom:video-decoder-ogg-theora: a1e56fd34408186e4bbccfd4996cb3dc -> 
  custom:framework-win-MediaFoundation: 216162199b28c13a410421893ffa2e32 -> 
  custom:container-demuxer-webm: 4f35f7cbe854078d1ac9338744f61a02 -> 
  custom:container-muxer-webm: aa71ff27fc2769a1b78a27578f13a17b -> 
  custom:video-decoder-webm-vp8: 9c59270c3fd7afecdb556c50c9e8de78 -> 
  custom:AudioImporter_EditorPlatform: d09bf68614088b80899f8185d706f6e7 -> 
  custom:video-encoder-webm-vp8: eb34c28f22e8b96e1ab97ce403110664 -> 
  custom:audio-decoder-ogg-vorbis: bf7c407c2cedff20999df2af8eb42d56 -> 
  custom:audio-encoder-webm-vorbis: bf7c407c2cedff20999df2af8eb42d56 -> 
========================================================================
Received Import Request.
  Time since last request: 268.925648 seconds.
  path: Assets/Prefabe/Canvas.prefab
  artifactKey: Guid(8c95f082c83dc9c49a1bf53171d97308) Importer(815301076,1909f56bfc062723c751e8b465ee728b)
Number of updated assets reloaded before import = 0
Start importing Assets/Prefabe/Canvas.prefab using Guid(8c95f082c83dc9c49a1bf53171d97308) Importer(815301076,1909f56bfc062723c751e8b465ee728b)  -> (artifact id: '918004c047f3250b5138fffe516fad45') in 0.115197 seconds 
Number of asset objects unloaded after import = 35
========================================================================
Received Import Request.
  Time since last request: 2.216655 seconds.
  path: Assets/Prefabe/Background Music.prefab
  artifactKey: Guid(e42074ed234376847af19e5b923f9901) Importer(815301076,1909f56bfc062723c751e8b465ee728b)
Number of updated assets reloaded before import = 0
Start importing Assets/Prefabe/Background Music.prefab using Guid(e42074ed234376847af19e5b923f9901) Importer(815301076,1909f56bfc062723c751e8b465ee728b)  -> (artifact id: '74e7367a8018ccb7aa6110c5b9f22694') in 0.014197 seconds 
Number of asset objects unloaded after import = 6
========================================================================
Received Prepare
Registering precompiled user dll's ...
Registered in 0.006528 seconds.
Begin MonoManager ReloadAssembly
Symbol file LoadedFromMemory doesn't match image C:\Users\PC\Desktop\COMPUTER_SCIENCE\projects_general\Unity_Projects\My project (1)\Library\PackageCache\com.unity.visualscripting@1.7.8\Editor\VisualScripting.Core\Dependencies\DotNetZip\Unity.VisualScripting.IonicZip.dll
Symbol file LoadedFromMemory doesn't match image C:\Users\PC\Desktop\COMPUTER_SCIENCE\projects_general\Unity_Projects\My project (1)\Library\PackageCache\com.unity.visualscripting@1.7.8\Editor\VisualScripting.Core\Dependencies\YamlDotNet\Unity.VisualScripting.YamlDotNet.dll
- Loaded All Assemblies, in  1.182 seconds
Refreshing native plugins compatible for Editor in 20.48 ms, found 4 plugins.
Native extension for WebGL target not found
Native extension for WindowsStandalone target not found
Mono: successfully reloaded assembly
- Finished resetting the current domain, in  3.302 seconds
Domain Reload Profiling:
	ReloadAssembly (307ms)
		BeginReloadAssembly (205ms)
			ExecutionOrderSort (0ms)
			DisableScriptedObjects (12ms)
			BackupInstance (0ms)
			ReleaseScriptingObjects (0ms)
			CreateAndSetChildDomain (62ms)
		LoadAllAssembliesAndSetupDomain (867ms)
			LoadAssemblies (142ms)
			RebuildTransferFunctionScriptingTraits (0ms)
			SetupTypeCache (802ms)
				TypeCache.Initialize (380ms)
					TypeCache.ScanAssembly (372ms)
				ResolveRequiredComponents (9ms)
		FinalizeReload (0ms)
			ReleaseScriptCaches (0ms)
			RebuildScriptCaches (0ms)
			SetupLoadedEditorAssemblies (834ms)
				LogAssemblyErrors (0ms)
				InitializePlatformSupportModulesInManaged (35ms)
				SetLoadedEditorAssemblies (16ms)
				RefreshPlugins (0ms)
				BeforeProcessingInitializeOnLoad (179ms)
				ProcessInitializeOnLoadAttributes (507ms)
				ProcessInitializeOnLoadMethodAttributes (78ms)
				AfterProcessingInitializeOnLoad (19ms)
				EditorAssembliesLoaded (0ms)
			ExecutionOrderSort2 (0ms)
			AwakeInstancesAfterBackupRestoration (20ms)
Refreshing native plugins compatible for Editor in 2.01 ms, found 4 plugins.
Preloading 0 native plugins for Editor in 0.00 ms.
Unloading 4261 Unused Serialized files (Serialized files now loaded: 0)
Unloading 30 unused Assets / (39.6 KB). Loaded Objects now: 4774.
Memory consumption went from 0.64 GB to 0.64 GB.
Total: 7.632600 ms (FindLiveObjects: 0.896100 ms CreateObjectMapping: 0.845100 ms MarkObjects: 5.766800 ms  DeleteObjects: 0.122900 ms)

AssetImportParameters requested are different than current active one (requested -> active):
  custom:container-demuxer-ogg: 62fdf1f143b41e24485cea50d1cbac27 -> 
  custom:video-decoder-ogg-theora: a1e56fd34408186e4bbccfd4996cb3dc -> 
  custom:framework-win-MediaFoundation: 216162199b28c13a410421893ffa2e32 -> 
  custom:container-demuxer-webm: 4f35f7cbe854078d1ac9338744f61a02 -> 
  custom:container-muxer-webm: aa71ff27fc2769a1b78a27578f13a17b -> 
  custom:video-decoder-webm-vp8: 9c59270c3fd7afecdb556c50c9e8de78 -> 
  custom:AudioImporter_EditorPlatform: d09bf68614088b80899f8185d706f6e7 -> 
  custom:video-encoder-webm-vp8: eb34c28f22e8b96e1ab97ce403110664 -> 
  custom:audio-decoder-ogg-vorbis: bf7c407c2cedff20999df2af8eb42d56 -> 
  custom:audio-encoder-webm-vorbis: bf7c407c2cedff20999df2af8eb42d56 -> 
========================================================================
Received Import Request.
  Time since last request: 115.405171 seconds.
  path: Assets/CasualGameBGM05/BGM_01.wav
  artifactKey: Guid(475f4837af487ce4a9e68bb227455e4c) Importer(815301076,1909f56bfc062723c751e8b465ee728b)
Number of updated assets reloaded before import = 0
Start importing Assets/CasualGameBGM05/BGM_01.wav using Guid(475f4837af487ce4a9e68bb227455e4c) Importer(815301076,1909f56bfc062723c751e8b465ee728b)  -> (artifact id: '46c48326d883b8ce25074fe095b4aae7') in 0.480084 seconds 
Number of asset objects unloaded after import = 2
========================================================================
Received Import Request.
  Time since last request: 11.732446 seconds.
  path: Assets/CasualGameBGM05/BGM_02.wav
  artifactKey: Guid(90eae78e8ce85a849b5b0ca11b2de641) Importer(815301076,1909f56bfc062723c751e8b465ee728b)
Number of updated assets reloaded before import = 0
Start importing Assets/CasualGameBGM05/BGM_02.wav using Guid(90eae78e8ce85a849b5b0ca11b2de641) Importer(815301076,1909f56bfc062723c751e8b465ee728b)  -> (artifact id: 'af5d4b7b6f8ceb2e1260573c1fe45dfa') in 0.031502 seconds 
Number of asset objects unloaded after import = 2
========================================================================
Received Prepare
Registering precompiled user dll's ...
Registered in 0.006599 seconds.
Begin MonoManager ReloadAssembly
Symbol file LoadedFromMemory doesn't match image C:\Users\PC\Desktop\COMPUTER_SCIENCE\projects_general\Unity_Projects\My project (1)\Library\PackageCache\com.unity.visualscripting@1.7.8\Editor\VisualScripting.Core\Dependencies\DotNetZip\Unity.VisualScripting.IonicZip.dll
Symbol file LoadedFromMemory doesn't match image C:\Users\PC\Desktop\COMPUTER_SCIENCE\projects_general\Unity_Projects\My project (1)\Library\PackageCache\com.unity.visualscripting@1.7.8\Editor\VisualScripting.Core\Dependencies\YamlDotNet\Unity.VisualScripting.YamlDotNet.dll
- Loaded All Assemblies, in  1.099 seconds
Refreshing native plugins compatible for Editor in 14.33 ms, found 4 plugins.
Native extension for WebGL target not found
Native extension for WindowsStandalone target not found
Mono: successfully reloaded assembly
- Finished resetting the current domain, in  2.659 seconds
Domain Reload Profiling:
	ReloadAssembly (298ms)
		BeginReloadAssembly (198ms)
			ExecutionOrderSort (0ms)
			DisableScriptedObjects (9ms)
			BackupInstance (0ms)
			ReleaseScriptingObjects (0ms)
			CreateAndSetChildDomain (62ms)
		LoadAllAssembliesAndSetupDomain (795ms)
			LoadAssemblies (138ms)
			RebuildTransferFunctionScriptingTraits (0ms)
			SetupTypeCache (735ms)
				TypeCache.Initialize (349ms)
					TypeCache.ScanAssembly (342ms)
				ResolveRequiredComponents (7ms)
		FinalizeReload (0ms)
			ReleaseScriptCaches (0ms)
			RebuildScriptCaches (0ms)
			SetupLoadedEditorAssemblies (792ms)
				LogAssemblyErrors (0ms)
				InitializePlatformSupportModulesInManaged (21ms)
				SetLoadedEditorAssemblies (12ms)
				RefreshPlugins (0ms)
				BeforeProcessingInitializeOnLoad (203ms)
				ProcessInitializeOnLoadAttributes (468ms)
				ProcessInitializeOnLoadMethodAttributes (71ms)
				AfterProcessingInitializeOnLoad (16ms)
				EditorAssembliesLoaded (1ms)
			ExecutionOrderSort2 (0ms)
			AwakeInstancesAfterBackupRestoration (19ms)
Refreshing native plugins compatible for Editor in 1.60 ms, found 4 plugins.
Preloading 0 native plugins for Editor in 0.00 ms.
Unloading 4261 Unused Serialized files (Serialized files now loaded: 0)
Unloading 29 unused Assets / (38.8 KB). Loaded Objects now: 4779.
Memory consumption went from 0.64 GB to 0.64 GB.
Total: 7.138700 ms (FindLiveObjects: 0.490000 ms CreateObjectMapping: 0.749800 ms MarkObjects: 5.806700 ms  DeleteObjects: 0.090500 ms)

AssetImportParameters requested are different than current active one (requested -> active):
  custom:container-demuxer-ogg: 62fdf1f143b41e24485cea50d1cbac27 -> 
  custom:video-decoder-ogg-theora: a1e56fd34408186e4bbccfd4996cb3dc -> 
  custom:framework-win-MediaFoundation: 216162199b28c13a410421893ffa2e32 -> 
  custom:container-demuxer-webm: 4f35f7cbe854078d1ac9338744f61a02 -> 
  custom:container-muxer-webm: aa71ff27fc2769a1b78a27578f13a17b -> 
  custom:video-decoder-webm-vp8: 9c59270c3fd7afecdb556c50c9e8de78 -> 
  custom:AudioImporter_EditorPlatform: d09bf68614088b80899f8185d706f6e7 -> 
  custom:video-encoder-webm-vp8: eb34c28f22e8b96e1ab97ce403110664 -> 
  custom:audio-decoder-ogg-vorbis: bf7c407c2cedff20999df2af8eb42d56 -> 
  custom:audio-encoder-webm-vorbis: bf7c407c2cedff20999df2af8eb42d56 -> 
========================================================================
Received Prepare
Registering precompiled user dll's ...
Registered in 0.008170 seconds.
Begin MonoManager ReloadAssembly
Symbol file LoadedFromMemory doesn't match image C:\Users\PC\Desktop\COMPUTER_SCIENCE\projects_general\Unity_Projects\My project (1)\Library\PackageCache\com.unity.visualscripting@1.7.8\Editor\VisualScripting.Core\Dependencies\DotNetZip\Unity.VisualScripting.IonicZip.dll
Symbol file LoadedFromMemory doesn't match image C:\Users\PC\Desktop\COMPUTER_SCIENCE\projects_general\Unity_Projects\My project (1)\Library\PackageCache\com.unity.visualscripting@1.7.8\Editor\VisualScripting.Core\Dependencies\YamlDotNet\Unity.VisualScripting.YamlDotNet.dll
- Loaded All Assemblies, in  2.425 seconds
Refreshing native plugins compatible for Editor in 26.83 ms, found 4 plugins.
Native extension for WebGL target not found
Native extension for WindowsStandalone target not found
Mono: successfully reloaded assembly
- Finished resetting the current domain, in  3.931 seconds
Domain Reload Profiling:
	ReloadAssembly (845ms)
		BeginReloadAssembly (658ms)
			ExecutionOrderSort (0ms)
			DisableScriptedObjects (42ms)
			BackupInstance (0ms)
			ReleaseScriptingObjects (0ms)
			CreateAndSetChildDomain (310ms)
		LoadAllAssembliesAndSetupDomain (1569ms)
			LoadAssemblies (291ms)
			RebuildTransferFunctionScriptingTraits (0ms)
			SetupTypeCache (1457ms)
				TypeCache.Initialize (733ms)
					TypeCache.ScanAssembly (708ms)
				ResolveRequiredComponents (11ms)
		FinalizeReload (0ms)
			ReleaseScriptCaches (0ms)
			RebuildScriptCaches (0ms)
			SetupLoadedEditorAssemblies (1079ms)
				LogAssemblyErrors (0ms)
				InitializePlatformSupportModulesInManaged (38ms)
				SetLoadedEditorAssemblies (18ms)
				RefreshPlugins (0ms)
				BeforeProcessingInitializeOnLoad (203ms)
				ProcessInitializeOnLoadAttributes (702ms)
				ProcessInitializeOnLoadMethodAttributes (97ms)
				AfterProcessingInitializeOnLoad (20ms)
				EditorAssembliesLoaded (1ms)
			ExecutionOrderSort2 (0ms)
			AwakeInstancesAfterBackupRestoration (22ms)
Refreshing native plugins compatible for Editor in 2.28 ms, found 4 plugins.
Preloading 0 native plugins for Editor in 0.00 ms.
Unloading 4262 Unused Serialized files (Serialized files now loaded: 0)
Unloading 29 unused Assets / (46.2 KB). Loaded Objects now: 4782.
Memory consumption went from 0.64 GB to 0.64 GB.
Total: 9.570700 ms (FindLiveObjects: 0.609600 ms CreateObjectMapping: 0.651400 ms MarkObjects: 8.130100 ms  DeleteObjects: 0.165700 ms)

AssetImportParameters requested are different than current active one (requested -> active):
  custom:container-demuxer-ogg: 62fdf1f143b41e24485cea50d1cbac27 -> 
  custom:video-decoder-ogg-theora: a1e56fd34408186e4bbccfd4996cb3dc -> 
  custom:framework-win-MediaFoundation: 216162199b28c13a410421893ffa2e32 -> 
  custom:container-demuxer-webm: 4f35f7cbe854078d1ac9338744f61a02 -> 
  custom:container-muxer-webm: aa71ff27fc2769a1b78a27578f13a17b -> 
  custom:video-decoder-webm-vp8: 9c59270c3fd7afecdb556c50c9e8de78 -> 
  custom:AudioImporter_EditorPlatform: d09bf68614088b80899f8185d706f6e7 -> 
  custom:video-encoder-webm-vp8: eb34c28f22e8b96e1ab97ce403110664 -> 
  custom:audio-decoder-ogg-vorbis: bf7c407c2cedff20999df2af8eb42d56 -> 
  custom:audio-encoder-webm-vorbis: bf7c407c2cedff20999df2af8eb42d56 -> 
========================================================================
Received Prepare
Refreshing native plugins compatible for Editor in 37.09 ms, found 4 plugins.
Preloading 0 native plugins for Editor in 0.00 ms.
Unloading 27 Unused Serialized files (Serialized files now loaded: 0)
Unloading 27 unused Assets / (43.5 KB). Loaded Objects now: 4782.
Memory consumption went from 79.1 MB to 79.0 MB.
Total: 27.131600 ms (FindLiveObjects: 0.644700 ms CreateObjectMapping: 1.355500 ms MarkObjects: 24.985100 ms  DeleteObjects: 0.144500 ms)

AssetImportParameters requested are different than current active one (requested -> active):
  custom:container-demuxer-ogg: 62fdf1f143b41e24485cea50d1cbac27 -> 
  custom:video-decoder-ogg-theora: a1e56fd34408186e4bbccfd4996cb3dc -> 
  custom:framework-win-MediaFoundation: 216162199b28c13a410421893ffa2e32 -> 
  custom:container-demuxer-webm: 4f35f7cbe854078d1ac9338744f61a02 -> 
  custom:container-muxer-webm: aa71ff27fc2769a1b78a27578f13a17b -> 
  custom:video-decoder-webm-vp8: 9c59270c3fd7afecdb556c50c9e8de78 -> 
  custom:AudioImporter_EditorPlatform: d09bf68614088b80899f8185d706f6e7 -> 
  custom:video-encoder-webm-vp8: eb34c28f22e8b96e1ab97ce403110664 -> 
  custom:audio-decoder-ogg-vorbis: bf7c407c2cedff20999df2af8eb42d56 -> 
  custom:audio-encoder-webm-vorbis: bf7c407c2cedff20999df2af8eb42d56 -> 
